<?xml version="1.0" encoding="UTF-8"?>
<testsuite name="me.juhokim.controller.ArticleControllerTest" tests="4" skipped="0" failures="0" errors="0" timestamp="2025-07-10T09:49:15" hostname="DESKTOP-QBAQ7CB" time="3.08">
  <properties/>
  <testcase name="getArticleTest()" classname="me.juhokim.controller.ArticleControllerTest" time="2.688"/>
  <testcase name="deleteArticleTest()" classname="me.juhokim.controller.ArticleControllerTest" time="0.202"/>
  <testcase name="getArticlesTest()" classname="me.juhokim.controller.ArticleControllerTest" time="0.04"/>
  <testcase name="createArticleTest()" classname="me.juhokim.controller.ArticleControllerTest" time="0.14"/>
  <system-out><![CDATA[18:49:01.719 [Test worker] INFO org.springframework.test.context.support.AnnotationConfigContextLoaderUtils -- Could not detect default configuration classes for test class [me.juhokim.controller.ArticleControllerTest]: ArticleControllerTest does not declare any static, non-private, non-final, nested classes annotated with @Configuration.
18:49:02.187 [Test worker] INFO org.springframework.boot.test.context.SpringBootTestContextBootstrapper -- Found @SpringBootConfiguration me.juhokim.SpringBootDeveloperApplication for test class me.juhokim.controller.ArticleControllerTest

  .   ____          _            __ _ _
 /\\ / ___'_ __ _ _(_)_ __  __ _ \ \ \ \
( ( )\___ | '_ | '_| | '_ \/ _` | \ \ \ \
 \\/  ___)| |_)| | | | | || (_| |  ) ) ) )
  '  |____| .__|_| |_|_| |_\__, | / / / /
 =========|_|==============|___/=/_/_/_/
 :: Spring Boot ::                (v3.2.0)

2025-07-10T18:49:03.632+09:00  INFO 24308 --- [    Test worker] m.j.controller.ArticleControllerTest     : Starting ArticleControllerTest using Java 17.0.11 with PID 24308 (started by me in C:\Users\me\Desktop\백엔드 공부자료\SpringBoot\chapter0\BlogApi)
2025-07-10T18:49:03.637+09:00  INFO 24308 --- [    Test worker] m.j.controller.ArticleControllerTest     : No active profile set, falling back to 1 default profile: "default"
2025-07-10T18:49:05.822+09:00  INFO 24308 --- [    Test worker] .s.d.r.c.RepositoryConfigurationDelegate : Bootstrapping Spring Data JPA repositories in DEFAULT mode.
2025-07-10T18:49:06.033+09:00  INFO 24308 --- [    Test worker] .s.d.r.c.RepositoryConfigurationDelegate : Finished Spring Data repository scanning in 174 ms. Found 1 JPA repository interface.
2025-07-10T18:49:07.409+09:00  INFO 24308 --- [    Test worker] com.zaxxer.hikari.HikariDataSource       : HikariPool-1 - Starting...
2025-07-10T18:49:08.148+09:00  INFO 24308 --- [    Test worker] com.zaxxer.hikari.pool.HikariPool        : HikariPool-1 - Added connection conn0: url=jdbc:h2:mem:180403a7-3cc5-41ac-8631-578161f69d09 user=SA
2025-07-10T18:49:08.153+09:00  INFO 24308 --- [    Test worker] com.zaxxer.hikari.HikariDataSource       : HikariPool-1 - Start completed.
2025-07-10T18:49:08.324+09:00  INFO 24308 --- [    Test worker] o.hibernate.jpa.internal.util.LogHelper  : HHH000204: Processing PersistenceUnitInfo [name: default]
2025-07-10T18:49:08.573+09:00  INFO 24308 --- [    Test worker] org.hibernate.Version                    : HHH000412: Hibernate ORM core version 6.3.1.Final
2025-07-10T18:49:08.760+09:00  INFO 24308 --- [    Test worker] o.h.c.internal.RegionFactoryInitiator    : HHH000026: Second-level cache disabled
2025-07-10T18:49:09.732+09:00  INFO 24308 --- [    Test worker] o.s.o.j.p.SpringPersistenceUnitInfo      : No LoadTimeWeaver setup: ignoring JPA class transformer
2025-07-10T18:49:12.653+09:00  INFO 24308 --- [    Test worker] o.h.e.t.j.p.i.JtaPlatformInitiator       : HHH000489: No JTA platform available (set 'hibernate.transaction.jta.platform' to enable JTA platform integration)
2025-07-10T18:49:12.763+09:00  INFO 24308 --- [    Test worker] j.LocalContainerEntityManagerFactoryBean : Initialized JPA EntityManagerFactory for persistence unit 'default'
2025-07-10T18:49:14.084+09:00  WARN 24308 --- [    Test worker] JpaBaseConfiguration$JpaWebConfiguration : spring.jpa.open-in-view is enabled by default. Therefore, database queries may be performed during view rendering. Explicitly configure spring.jpa.open-in-view to disable this warning
2025-07-10T18:49:15.370+09:00  INFO 24308 --- [    Test worker] o.s.b.t.m.w.SpringBootMockServletContext : Initializing Spring TestDispatcherServlet ''
2025-07-10T18:49:15.371+09:00  INFO 24308 --- [    Test worker] o.s.t.web.servlet.TestDispatcherServlet  : Initializing Servlet ''
2025-07-10T18:49:15.378+09:00  INFO 24308 --- [    Test worker] o.s.t.web.servlet.TestDispatcherServlet  : Completed initialization in 3 ms
2025-07-10T18:49:15.521+09:00  INFO 24308 --- [    Test worker] m.j.controller.ArticleControllerTest     : Started ArticleControllerTest in 12.699 seconds (process running for 17.273)
2025-07-10T18:49:17.334+09:00  INFO 24308 --- [    Test worker] o.s.b.t.m.w.SpringBootMockServletContext : Initializing Spring TestDispatcherServlet ''
2025-07-10T18:49:17.335+09:00  INFO 24308 --- [    Test worker] o.s.t.web.servlet.TestDispatcherServlet  : Initializing Servlet ''
2025-07-10T18:49:17.337+09:00  INFO 24308 --- [    Test worker] o.s.t.web.servlet.TestDispatcherServlet  : Completed initialization in 2 ms
2025-07-10T18:49:18.292+09:00  INFO 24308 --- [    Test worker] o.s.b.t.m.w.SpringBootMockServletContext : Initializing Spring TestDispatcherServlet ''
2025-07-10T18:49:18.293+09:00  INFO 24308 --- [    Test worker] o.s.t.web.servlet.TestDispatcherServlet  : Initializing Servlet ''
2025-07-10T18:49:18.294+09:00  INFO 24308 --- [    Test worker] o.s.t.web.servlet.TestDispatcherServlet  : Completed initialization in 1 ms
2025-07-10T18:49:18.499+09:00  INFO 24308 --- [    Test worker] o.s.b.t.m.w.SpringBootMockServletContext : Initializing Spring TestDispatcherServlet ''
2025-07-10T18:49:18.500+09:00  INFO 24308 --- [    Test worker] o.s.t.web.servlet.TestDispatcherServlet  : Initializing Servlet ''
2025-07-10T18:49:18.503+09:00  INFO 24308 --- [    Test worker] o.s.t.web.servlet.TestDispatcherServlet  : Completed initialization in 2 ms
2025-07-10T18:49:18.541+09:00  INFO 24308 --- [    Test worker] o.s.b.t.m.w.SpringBootMockServletContext : Initializing Spring TestDispatcherServlet ''
2025-07-10T18:49:18.541+09:00  INFO 24308 --- [    Test worker] o.s.t.web.servlet.TestDispatcherServlet  : Initializing Servlet ''
2025-07-10T18:49:18.544+09:00  INFO 24308 --- [    Test worker] o.s.t.web.servlet.TestDispatcherServlet  : Completed initialization in 2 ms
]]></system-out>
  <system-err><![CDATA[]]></system-err>
</testsuite>
