<?xml version="1.0" encoding="UTF-8"?>
<testsuite name="me.juhokim.SpringBootApplication.FamilyRepositoryTest" tests="3" skipped="0" failures="0" errors="0" timestamp="2025-07-03T02:46:05" hostname="DESKTOP-QBAQ7CB" time="2.484">
  <properties/>
  <testcase name="deleteMemberById()" classname="me.juhokim.SpringBootApplication.FamilyRepositoryTest" time="2.098"/>
  <testcase name="saveMembers()" classname="me.juhokim.SpringBootApplication.FamilyRepositoryTest" time="0.3"/>
  <testcase name="getAllMembers()" classname="me.juhokim.SpringBootApplication.FamilyRepositoryTest" time="0.077"/>
  <system-out><![CDATA[11:45:53.935 [Test worker] INFO org.springframework.test.context.support.AnnotationConfigContextLoaderUtils -- Could not detect default configuration classes for test class [me.juhokim.SpringBootApplication.FamilyRepositoryTest]: FamilyRepositoryTest does not declare any static, non-private, non-final, nested classes annotated with @Configuration.
11:45:54.452 [Test worker] INFO org.springframework.boot.test.context.SpringBootTestContextBootstrapper -- Found @SpringBootConfiguration me.juhokim.SpringBootApplication.SpringBootDeveloperApplication for test class me.juhokim.SpringBootApplication.FamilyRepositoryTest

  .   ____          _            __ _ _
 /\\ / ___'_ __ _ _(_)_ __  __ _ \ \ \ \
( ( )\___ | '_ | '_| | '_ \/ _` | \ \ \ \
 \\/  ___)| |_)| | | | | || (_| |  ) ) ) )
  '  |____| .__|_| |_|_| |_\__, | / / / /
 =========|_|==============|___/=/_/_/_/
 :: Spring Boot ::                (v3.2.0)

2025-07-03T11:45:56.031+09:00  INFO 18148 --- [    Test worker] m.j.S.FamilyRepositoryTest               : Starting FamilyRepositoryTest using Java 17.0.11 with PID 18148 (started by me in C:\Users\me\Desktop\백엔드 공부자료\SpringBoot\chapter0\chapter3)
2025-07-03T11:45:56.036+09:00  INFO 18148 --- [    Test worker] m.j.S.FamilyRepositoryTest               : No active profile set, falling back to 1 default profile: "default"
2025-07-03T11:45:57.299+09:00  INFO 18148 --- [    Test worker] .s.d.r.c.RepositoryConfigurationDelegate : Bootstrapping Spring Data JPA repositories in DEFAULT mode.
2025-07-03T11:45:57.513+09:00  INFO 18148 --- [    Test worker] .s.d.r.c.RepositoryConfigurationDelegate : Finished Spring Data repository scanning in 180 ms. Found 1 JPA repository interface.
2025-07-03T11:45:57.681+09:00  INFO 18148 --- [    Test worker] beddedDataSourceBeanFactoryPostProcessor : Replacing 'dataSource' DataSource bean with embedded version
2025-07-03T11:45:58.129+09:00  INFO 18148 --- [    Test worker] o.s.j.d.e.EmbeddedDatabaseFactory        : Starting embedded database: url='jdbc:h2:mem:8b611782-a5ff-4bb6-ab85-dc8f5d5b4ea1;DB_CLOSE_DELAY=-1;DB_CLOSE_ON_EXIT=false', username='sa'
2025-07-03T11:45:59.241+09:00  INFO 18148 --- [    Test worker] o.hibernate.jpa.internal.util.LogHelper  : HHH000204: Processing PersistenceUnitInfo [name: default]
2025-07-03T11:45:59.496+09:00  INFO 18148 --- [    Test worker] org.hibernate.Version                    : HHH000412: Hibernate ORM core version 6.3.1.Final
2025-07-03T11:45:59.641+09:00  INFO 18148 --- [    Test worker] o.h.c.internal.RegionFactoryInitiator    : HHH000026: Second-level cache disabled
2025-07-03T11:46:00.593+09:00  INFO 18148 --- [    Test worker] o.s.o.j.p.SpringPersistenceUnitInfo      : No LoadTimeWeaver setup: ignoring JPA class transformer
2025-07-03T11:46:03.659+09:00  INFO 18148 --- [    Test worker] o.h.e.t.j.p.i.JtaPlatformInitiator       : HHH000489: No JTA platform available (set 'hibernate.transaction.jta.platform' to enable JTA platform integration)
Hibernate: drop table if exists family cascade 
Hibernate: create table family (id bigint generated by default as identity, name varchar(255) not null, primary key (id))
2025-07-03T11:46:03.777+09:00  INFO 18148 --- [    Test worker] j.LocalContainerEntityManagerFactoryBean : Initialized JPA EntityManagerFactory for persistence unit 'default'
2025-07-03T11:46:05.025+09:00  INFO 18148 --- [    Test worker] m.j.S.FamilyRepositoryTest               : Started FamilyRepositoryTest in 10.311 seconds (process running for 15.026)
Hibernate: select f1_0.id,f1_0.name from family f1_0 where f1_0.id=?
Hibernate: select f1_0.id,f1_0.name from family f1_0 where f1_0.id=?
Hibernate: insert into family (name,id) values (?,default)
Hibernate: select f1_0.id,f1_0.name from family f1_0 where f1_0.id=?
Hibernate: insert into family (name,id) values (?,default)
Hibernate: select f1_0.id,f1_0.name from family f1_0
Hibernate: select f1_0.id,f1_0.name from family f1_0 where f1_0.id=?
Hibernate: update family set name=? where id=?
Hibernate: select f1_0.id,f1_0.name from family f1_0
]]></system-out>
  <system-err><![CDATA[]]></system-err>
</testsuite>
